0 info it worked if it ends with ok
1 verbose cli [ '/usr/local/bin/node', '/usr/local/bin/npm', 'publish' ]
2 info using npm@2.11.3
3 info using node@v0.12.7
4 verbose node symlink /usr/local/bin/node
5 verbose publish [ '.' ]
6 silly cache add args [ '.', null ]
7 verbose cache add spec .
8 silly cache add parsed spec { raw: '.',
8 silly cache add   scope: null,
8 silly cache add   name: null,
8 silly cache add   rawSpec: '.',
8 silly cache add   spec: '/Users/mark/src/modules/vle-integers',
8 silly cache add   type: 'directory' }
9 verbose addLocalDirectory /Users/mark/.npm/vle-integers/0.1.0/package.tgz not in flight; packing
10 verbose tar pack [ '/Users/mark/.npm/vle-integers/0.1.0/package.tgz',
10 verbose tar pack   '/Users/mark/src/modules/vle-integers' ]
11 verbose tarball /Users/mark/.npm/vle-integers/0.1.0/package.tgz
12 verbose folder /Users/mark/src/modules/vle-integers
13 info prepublish vle-integers@0.1.0
14 verbose addLocalTarball adding from inside cache /Users/mark/.npm/vle-integers/0.1.0/package.tgz
15 silly cache afterAdd vle-integers@0.1.0
16 verbose afterAdd /Users/mark/.npm/vle-integers/0.1.0/package/package.json not in flight; writing
17 verbose afterAdd /Users/mark/.npm/vle-integers/0.1.0/package/package.json written
18 silly publish { name: 'vle-integers',
18 silly publish   version: '0.1.0',
18 silly publish   description: 'Variable Length Encoded Integers',
18 silly publish   main: 'index.js',
18 silly publish   scripts: { test: 'echo "Error: no test specified" && exit 1' },
18 silly publish   repository:
18 silly publish    { type: 'git',
18 silly publish      url: 'git+https://github.com/zyklus/javascript-vle-integers.git' },
18 silly publish   keywords: [ 'numbers', 'integers', 'variable', 'length', 'encoding', 'vle' ],
18 silly publish   author: { name: 'Mark Kahn', email: 'm@vouchr.com' },
18 silly publish   license: 'Unlicense',
18 silly publish   bugs: { url: 'https://github.com/zyklus/javascript-vle-integers/issues' },
18 silly publish   homepage: 'https://github.com/zyklus/javascript-vle-integers#readme',
18 silly publish   readme: '# JavaScript Variable Length Encoded Integers\n\nDynamically encodes a number into N bytes:\n\n0->63 -- 1 bytes  \n->8,191 -- 2 bytes  \n->1,048,575 -- 3 bytes  \n->2^27-1 -- 4 bytes  \n->2^31-1 -- 5 bytes\n\n_Important:_ `2^31 - 1` is currently the largest number this library can encode.\n  This is not a hard limitation, it\'s just that it requires a bit more logic\n  after that point and I don\'t currently need numbers that large myself so I\n  didn\'t write it.  If you need this open a bug report (or better yet a pull\n  request)!\n\nI could make an unsigned version, but I don\'t need it myself -- open an issue if\n  you need this.\n\n## Usage\n\n```js\nvar encode  = require(\'vle-integers\').encode;\nvar decode  = require(\'vle-integers\').decode;\n\nvar encode  = encode(123);\nvar decoded = decode(123);\n```\n\n## Decode Method\n\nThe decode method will only decode a specific number, meaning that if you\n  attempt to decode something like:\n\n```js\nvar decoded = encode(\'123\') + \'asdf\'; // yields 123\n```\n\nIt will work correctly.  It will also properly decode Buffers.  There is an\n  optional `offset` that you can use to tell it where to start decodeing from:\n\n```js\nvar encoded = \'asdf\' + encode(123);\nvar decoded = decode(encoded, 4); // yields {number: 123, offset:6}\n```\n\n## Encode Method\n\nEncoding always returns a string.  If you want a Buffer, create one by passing\n  the result to a Buffer and being sure to set the encoding as `ascii`:\n\n```js\nvar encode  = require(\'vle-integers\').encode;\nvar encoded = encode(123);\n\nvar buf = new Buffer(encoded, \'ascii\');\n\n// or\n\nbuf.write(encoded, 0, \'ascii\');\n```\n\nThere is also an optional `encode.array` method that returns an array of numbers\n  representing the ascii value of each byte.\n',
18 silly publish   readmeFilename: 'README.md',
18 silly publish   gitHead: 'd9ee81d4dbfb0303dac411d8694bd1f0dff11c50',
18 silly publish   _id: 'vle-integers@0.1.0',
18 silly publish   _shasum: '57310db6d190bb32ef0dec5948c7366783863ecc',
18 silly publish   _from: '.' }
19 verbose getPublishConfig undefined
20 silly mapToRegistry name vle-integers
21 silly mapToRegistry using default registry
22 silly mapToRegistry registry https://registry.npmjs.org/
23 silly mapToRegistry uri https://registry.npmjs.org/vle-integers
24 verbose publish registryBase https://registry.npmjs.org/
25 silly publish uploading /Users/mark/.npm/vle-integers/0.1.0/package.tgz
26 verbose request uri https://registry.npmjs.org/vle-integers
27 verbose request sending authorization for write operation
28 info attempt registry request try #1 at 3:36:25 PM
29 verbose request using bearer token for auth
30 verbose request id c6b57d7e3b37a856
31 http request PUT https://registry.npmjs.org/vle-integers
32 http 403 https://registry.npmjs.org/vle-integers
33 verbose headers { 'content-type': 'application/json',
33 verbose headers   'cache-control': 'max-age=60',
33 verbose headers   'content-length': '95',
33 verbose headers   'accept-ranges': 'bytes',
33 verbose headers   date: 'Mon, 21 Sep 2015 07:36:27 GMT',
33 verbose headers   via: '1.1 varnish',
33 verbose headers   connection: 'keep-alive',
33 verbose headers   'x-served-by': 'cache-sin6921-SIN',
33 verbose headers   'x-cache': 'MISS',
33 verbose headers   'x-cache-hits': '0',
33 verbose headers   'x-timer': 'S1442820986.118680,VS0,VE987' }
34 verbose request invalidating /Users/mark/.npm/registry.npmjs.org/vle-integers on PUT
35 error publish Failed PUT 403
36 verbose stack Error: "You cannot publish over the previously published version 0.1.0." : vle-integers
36 verbose stack     at CachingRegistryClient.<anonymous> (/usr/local/lib/node_modules/npm/node_modules/npm-registry-client/lib/request.js:247:14)
36 verbose stack     at Request._callback (/usr/local/lib/node_modules/npm/node_modules/npm-registry-client/lib/request.js:170:14)
36 verbose stack     at Request.self.callback (/usr/local/lib/node_modules/npm/node_modules/request/request.js:354:22)
36 verbose stack     at Request.emit (events.js:110:17)
36 verbose stack     at Request.<anonymous> (/usr/local/lib/node_modules/npm/node_modules/request/request.js:1207:14)
36 verbose stack     at Request.emit (events.js:129:20)
36 verbose stack     at IncomingMessage.<anonymous> (/usr/local/lib/node_modules/npm/node_modules/request/request.js:1153:12)
36 verbose stack     at IncomingMessage.emit (events.js:129:20)
36 verbose stack     at _stream_readable.js:908:16
36 verbose stack     at process._tickCallback (node.js:355:11)
37 verbose statusCode 403
38 verbose pkgid vle-integers
39 verbose cwd /Users/mark/src/modules/vle-integers
40 error Darwin 14.4.0
41 error argv "/usr/local/bin/node" "/usr/local/bin/npm" "publish"
42 error node v0.12.7
43 error npm  v2.11.3
44 error code E403
45 error "You cannot publish over the previously published version 0.1.0." : vle-integers
46 error If you need help, you may report this error at:
46 error     <https://github.com/npm/npm/issues>
47 verbose exit [ 1, true ]
